<?xml version="1.0" encoding="UTF-8"?>
<testng-results skipped="0" failed="0" ignored="2" total="4" passed="2">
  <reporter-output>
  </reporter-output>
  <suite name="DemoSuite" duration-ms="51572" started-at="2019-06-28T14:14:50Z" finished-at="2019-06-28T14:15:42Z">
    <groups>
    </groups>
    <test name="Regression1" duration-ms="51572" started-at="2019-06-28T14:14:50Z" finished-at="2019-06-28T14:15:42Z">
      <class name="selenium.testngdemo.TestNGDemo">
        <test-method status="PASS" signature="initChrome()[pri:0, instance:selenium.testngdemo.TestNGDemo@668bc3d5]" name="initChrome" is-config="true" duration-ms="3287" started-at="2019-06-28T14:14:51Z" finished-at="2019-06-28T14:14:54Z">
          <reporter-output>
          </reporter-output>
        </test-method> <!-- initChrome -->
        <test-method status="PASS" signature="demoTest3(java.lang.String)[pri:0, instance:selenium.testngdemo.TestNGDemo@668bc3d5]" name="demoTest3" duration-ms="10606" started-at="2019-06-28T14:14:54Z" data-provider="dp" finished-at="2019-06-28T14:15:04Z">
          <params>
            <param index="0">
              <value>
                <![CDATA[http://www.facebook.com]]>
              </value>
            </param>
          </params>
          <reporter-output>
          </reporter-output>
        </test-method> <!-- demoTest3 -->
        <test-method status="PASS" signature="close()[pri:0, instance:selenium.testngdemo.TestNGDemo@668bc3d5]" name="close" is-config="true" duration-ms="696" started-at="2019-06-28T14:15:04Z" finished-at="2019-06-28T14:15:05Z">
          <reporter-output>
          </reporter-output>
        </test-method> <!-- close -->
        <test-method status="PASS" signature="initChrome()[pri:0, instance:selenium.testngdemo.TestNGDemo@668bc3d5]" name="initChrome" is-config="true" duration-ms="2252" started-at="2019-06-28T14:15:05Z" finished-at="2019-06-28T14:15:07Z">
          <reporter-output>
          </reporter-output>
        </test-method> <!-- initChrome -->
        <test-method status="PASS" signature="demoTest3(java.lang.String)[pri:0, instance:selenium.testngdemo.TestNGDemo@668bc3d5]" name="demoTest3" duration-ms="34116" started-at="2019-06-28T14:15:07Z" data-provider="dp" finished-at="2019-06-28T14:15:41Z">
          <params>
            <param index="0">
              <value>
                <![CDATA[http://www.messenger.com]]>
              </value>
            </param>
          </params>
          <reporter-output>
          </reporter-output>
        </test-method> <!-- demoTest3 -->
        <test-method status="PASS" signature="close()[pri:0, instance:selenium.testngdemo.TestNGDemo@668bc3d5]" name="close" is-config="true" duration-ms="557" started-at="2019-06-28T14:15:41Z" finished-at="2019-06-28T14:15:42Z">
          <reporter-output>
          </reporter-output>
        </test-method> <!-- close -->
      </class> <!-- selenium.testngdemo.TestNGDemo -->
    </test> <!-- Regression1 -->
  </suite> <!-- DemoSuite -->
</testng-results>
