<?xml version="1.0" encoding="UTF-8"?>
<testsuite xmlns:xsi="http://www.w3.org/2001/XMLSchema-instance" xsi:noNamespaceSchemaLocation="https://maven.apache.org/surefire/maven-surefire-plugin/xsd/surefire-test-report.xsd" name="TestSuite" time="52.403" tests="2" errors="0" skipped="0" failures="0">
  <properties>
[...]
</properties>
  <testcase name="demoTest3" classname="selenium.testngdemo.TestNGDemo" time="10.607"/>
  <testcase name="demoTest3" classname="selenium.testngdemo.TestNGDemo" time="34.113"/>
</testsuite>