<?xml version="1.0" encoding="UTF-8"?>
<!-- Generated by org.testng.reporters.JUnitXMLReporter -->
<testsuite hostname="THANHHX-PC" ignored="2" name="Regression1" tests="2" failures="0" timestamp="28 Jun 2019 14:15:42 GMT" time="51.572" errors="0">
  <testcase name="demoTest3" time="10.606" classname="selenium.testngdemo.TestNGDemo"/>
  <testcase name="demoTest3" time="34.116" classname="selenium.testngdemo.TestNGDemo"/>
  <testcase name="demoTest2" time="0.0" classname="selenium.testngdemo.TestNGDemo">
    <ignored/>
  </testcase> <!-- demoTest2 -->
  <testcase name="demoTest" time="0.0" classname="selenium.testngdemo.TestNGDemo">
    <ignored/>
  </testcase> <!-- demoTest -->
</testsuite> <!-- Regression1 -->
